# JRE version: Java(TM) SE Runtime Environment (8.0_131-b11) (build 1.8.0_131-b11)
# Java VM: Java HotSpot(TM) 64-Bit Server VM (25.131-b11 mixed mode bsd-amd64 compressed oops)
Heap:
 PSYoungGen      total 296960K, used 256786K [0x00000007aab00000, 0x00000007bfc00000, 0x00000007c0000000)
  eden space 248832K, 98% used [0x00000007aab00000,0x00000007b9924a20,0x00000007b9e00000)
  from space 48128K, 26% used [0x00000007b9e00000,0x00000007baaa0040,0x00000007bcd00000)
  to   space 47104K, 0% used [0x00000007bce00000,0x00000007bce00000,0x00000007bfc00000)
 ParOldGen       total 100352K, used 65963K [0x0000000780000000, 0x0000000786200000, 0x00000007aab00000)
  object space 100352K, 65% used [0x0000000780000000,0x000000078406ae60,0x0000000786200000)
 Metaspace       used 20697K, capacity 21020K, committed 24576K, reserved 1071104K
  class space    used 2633K, capacity 2746K, committed 3584K, reserved 1048576K
GC Heap History (10 events):
Event: 79.103 GC heap before
{Heap before GC invocations=29 (full 1):
 PSYoungGen      total 289792K, used 289600K [0x00000007aab00000, 0x00000007c0000000, 0x00000007c0000000)
  eden space 252928K, 100% used [0x00000007aab00000,0x00000007ba200000,0x00000007ba200000)
  from space 36864K, 99% used [0x00000007ba200000,0x00000007bc5d0010,0x00000007bc600000)
  to   space 51200K, 0% used [0x00000007bce00000,0x00000007bce00000,0x00000007c0000000)
 ParOldGen       total 60416K, used 49664K [0x0000000780000000, 0x0000000783b00000, 0x00000007aab00000)
  object space 60416K, 82% used [0x0000000780000000,0x00000007830803d0,0x0000000783b00000)
 Metaspace       used 20843K, capacity 22174K, committed 23296K, reserved 1069056K
  class space    used 2880K, capacity 3239K, committed 3584K, reserved 1048576K
Event: 79.344 GC heap after
Heap after GC invocations=29 (full 1):
 PSYoungGen      total 297984K, used 30368K [0x00000007aab00000, 0x00000007c0000000, 0x00000007c0000000)
  eden space 246784K, 0% used [0x00000007aab00000,0x00000007aab00000,0x00000007b9c00000)
  from space 51200K, 59% used [0x00000007bce00000,0x00000007beba8010,0x00000007c0000000)
  to   space 51200K, 0% used [0x00000007b9c00000,0x00000007b9c00000,0x00000007bce00000)
 ParOldGen       total 60416K, used 58112K [0x0000000780000000, 0x0000000783b00000, 0x00000007aab00000)
  object space 60416K, 96% used [0x0000000780000000,0x00000007838c03d0,0x0000000783b00000)
 Metaspace       used 20843K, capacity 22174K, committed 23296K, reserved 1069056K
  class space    used 2880K, capacity 3239K, committed 3584K, reserved 1048576K
}
Event: 79.344 GC heap before
{Heap before GC invocations=30 (full 2):
 PSYoungGen      total 297984K, used 30368K [0x00000007aab00000, 0x00000007c0000000, 0x00000007c0000000)
  eden space 246784K, 0% used [0x00000007aab00000,0x00000007aab00000,0x00000007b9c00000)
  from space 51200K, 59% used [0x00000007bce00000,0x00000007beba8010,0x00000007c0000000)
  to   space 51200K, 0% used [0x00000007b9c00000,0x00000007b9c00000,0x00000007bce00000)
 ParOldGen       total 60416K, used 58112K [0x0000000780000000, 0x0000000783b00000, 0x00000007aab00000)
  object space 60416K, 96% used [0x0000000780000000,0x00000007838c03d0,0x0000000783b00000)
 Metaspace       used 20843K, capacity 22174K, committed 23296K, reserved 1069056K
  class space    used 2880K, capacity 3239K, committed 3584K, reserved 1048576K
Event: 80.961 GC heap after
Heap after GC invocations=30 (full 2):
 PSYoungGen      total 297984K, used 9865K [0x00000007aab00000, 0x00000007c0000000, 0x00000007c0000000)
  eden space 246784K, 0% used [0x00000007aab00000,0x00000007aab00000,0x00000007b9c00000)
  from space 51200K, 19% used [0x00000007bce00000,0x00000007bd7a2750,0x00000007c0000000)
  to   space 51200K, 0% used [0x00000007b9c00000,0x00000007b9c00000,0x00000007bce00000)
 ParOldGen       total 100352K, used 60091K [0x0000000780000000, 0x0000000786200000, 0x00000007aab00000)
  object space 100352K, 59% used [0x0000000780000000,0x0000000783aaee60,0x0000000786200000)
 Metaspace       used 18570K, capacity 18786K, committed 23296K, reserved 1069056K
  class space    used 2469K, capacity 2567K, committed 3584K, reserved 1048576K
}
Event: 82.856 GC heap before
{Heap before GC invocations=31 (full 2):
 PSYoungGen      total 297984K, used 256649K [0x00000007aab00000, 0x00000007c0000000, 0x00000007c0000000)
  eden space 246784K, 100% used [0x00000007aab00000,0x00000007b9c00000,0x00000007b9c00000)
  from space 51200K, 19% used [0x00000007bce00000,0x00000007bd7a2750,0x00000007c0000000)
  to   space 51200K, 0% used [0x00000007b9c00000,0x00000007b9c00000,0x00000007bce00000)
 ParOldGen       total 100352K, used 60091K [0x0000000780000000, 0x0000000786200000, 0x00000007aab00000)
  object space 100352K, 59% used [0x0000000780000000,0x0000000783aaee60,0x0000000786200000)
 Metaspace       used 19262K, capacity 19534K, committed 23296K, reserved 1069056K
  class space    used 2488K, capacity 2601K, committed 3584K, reserved 1048576K
Event: 82.966 GC heap after
Heap after GC invocations=31 (full 2):
 PSYoungGen      total 261120K, used 13894K [0x00000007aab00000, 0x00000007bfe00000, 0x00000007c0000000)
  eden space 246784K, 0% used [0x00000007aab00000,0x00000007aab00000,0x00000007b9c00000)
  from space 14336K, 96% used [0x00000007b9c00000,0x00000007ba991980,0x00000007baa00000)
  to   space 50176K, 0% used [0x00000007bcd00000,0x00000007bcd00000,0x00000007bfe00000)
 ParOldGen       total 100352K, used 61971K [0x0000000780000000, 0x0000000786200000, 0x00000007aab00000)
  object space 100352K, 61% used [0x0000000780000000,0x0000000783c84e60,0x0000000786200000)
 Metaspace       used 19262K, capacity 19534K, committed 23296K, reserved 1069056K
  class space    used 2488K, capacity 2601K, committed 3584K, reserved 1048576K
}
Event: 86.839 GC heap before
{Heap before GC invocations=32 (full 2):
 PSYoungGen      total 261120K, used 260678K [0x00000007aab00000, 0x00000007bfe00000, 0x00000007c0000000)
  eden space 246784K, 100% used [0x00000007aab00000,0x00000007b9c00000,0x00000007b9c00000)
  from space 14336K, 96% used [0x00000007b9c00000,0x00000007ba991980,0x00000007baa00000)
  to   space 50176K, 0% used [0x00000007bcd00000,0x00000007bcd00000,0x00000007bfe00000)
 ParOldGen       total 100352K, used 61971K [0x0000000780000000, 0x0000000786200000, 0x00000007aab00000)
  object space 100352K, 61% used [0x0000000780000000,0x0000000783c84e60,0x0000000786200000)
 Metaspace       used 20556K, capacity 20866K, committed 24320K, reserved 1071104K
  class space    used 2629K, capacity 2743K, committed 3584K, reserved 1048576K
Event: 86.901 GC heap after
Heap after GC invocations=32 (full 2):
 PSYoungGen      total 299008K, used 16361K [0x00000007aab00000, 0x00000007c0000000, 0x00000007c0000000)
  eden space 248832K, 0% used [0x00000007aab00000,0x00000007aab00000,0x00000007b9e00000)
  from space 50176K, 32% used [0x00000007bcd00000,0x00000007bdcfa5c8,0x00000007bfe00000)
  to   space 48128K, 0% used [0x00000007b9e00000,0x00000007b9e00000,0x00000007bcd00000)
 ParOldGen       total 100352K, used 63411K [0x0000000780000000, 0x0000000786200000, 0x00000007aab00000)
  object space 100352K, 63% used [0x0000000780000000,0x0000000783dece60,0x0000000786200000)
 Metaspace       used 20556K, capacity 20866K, committed 24320K, reserved 1071104K
  class space    used 2629K, capacity 2743K, committed 3584K, reserved 1048576K
}
Event: 91.401 GC heap before
{Heap before GC invocations=33 (full 2):
 PSYoungGen      total 299008K, used 265193K [0x00000007aab00000, 0x00000007c0000000, 0x00000007c0000000)
  eden space 248832K, 100% used [0x00000007aab00000,0x00000007b9e00000,0x00000007b9e00000)
  from space 50176K, 32% used [0x00000007bcd00000,0x00000007bdcfa5c8,0x00000007bfe00000)
  to   space 48128K, 0% used [0x00000007b9e00000,0x00000007b9e00000,0x00000007bcd00000)
 ParOldGen       total 100352K, used 63411K [0x0000000780000000, 0x0000000786200000, 0x00000007aab00000)
  object space 100352K, 63% used [0x0000000780000000,0x0000000783dece60,0x0000000786200000)
 Metaspace       used 20624K, capacity 20948K, committed 24576K, reserved 1071104K
  class space    used 2633K, capacity 2746K, committed 3584K, reserved 1048576K
Event: 91.457 GC heap after
Heap after GC invocations=33 (full 2):
 PSYoungGen      total 296960K, used 12928K [0x00000007aab00000, 0x00000007bfc00000, 0x00000007c0000000)
  eden space 248832K, 0% used [0x00000007aab00000,0x00000007aab00000,0x00000007b9e00000)
  from space 48128K, 26% used [0x00000007b9e00000,0x00000007baaa0040,0x00000007bcd00000)
  to   space 47104K, 0% used [0x00000007bce00000,0x00000007bce00000,0x00000007bfc00000)
 ParOldGen       total 100352K, used 65963K [0x0000000780000000, 0x0000000786200000, 0x00000007aab00000)
  object space 100352K, 65% used [0x0000000780000000,0x000000078406ae60,0x0000000786200000)
 Metaspace       used 20624K, capacity 20948K, committed 24576K, reserved 1071104K
  class space    used 2633K, capacity 2746K, committed 3584K, reserved 1048576K
}

